
****** PlanAhead v14.7 (64-bit)
  **** Build 321239 by xbuild on Fri Sep 27 19:29:51 MDT 2013
    ** Copyright 1986-1999, 2001-2013 Xilinx, Inc. All Rights Reserved.

INFO: [Common 17-78] Attempting to get a license: PlanAhead
INFO: [Common 17-290] Got license for PlanAhead
INFO: [Device 21-36] Loading parts and site information from C:/Xilinx/14.7/ISE_DS/PlanAhead/data/parts/arch.xml
Parsing RTL primitives file [C:/Xilinx/14.7/ISE_DS/PlanAhead/data/parts/xilinx/rtl/prims/rtl_prims.xml]
Finished parsing RTL primitives file [C:/Xilinx/14.7/ISE_DS/PlanAhead/data/parts/xilinx/rtl/prims/rtl_prims.xml]
start_gui
source {C:/Xilinx/projects 14.7/Trabalho01/pa.fromHdl.tcl}
# create_project -name Trabalho01 -dir "C:/Xilinx/projects 14.7/Trabalho01/planAhead_run_1" -part xc3s1000ft256-5
# set_param project.pinAheadLayout yes
# set srcset [get_property srcset [current_run -impl]]
# set_property target_constrs_file "TrabSchematic.ucf" [current_fileset -constrset]
Adding file 'C:/Xilinx/projects 14.7/Trabalho01/TrabSchematic.ucf' to fileset 'constrs_1'
# set hdlfile [add_files [list {SevenSchematic.vhf}]]
# set_property file_type VHDL $hdlfile
# set_property library work $hdlfile
# set hdlfile [add_files [list {Schematic_MqDeEstado.vhf}]]
# set_property file_type VHDL $hdlfile
# set_property library work $hdlfile
# set hdlfile [add_files [list {SchematicAssincCount.vhf}]]
# set_property file_type VHDL $hdlfile
# set_property library work $hdlfile
# set hdlfile [add_files [list {DivisorFrequencia.vhf}]]
# set_property file_type VHDL $hdlfile
# set_property library work $hdlfile
# set hdlfile [add_files [list {TrabSchematic.vhf}]]
# set_property file_type VHDL $hdlfile
# set_property library work $hdlfile
# set_property top TrabSchematic $srcset
# add_files [list {TrabSchematic.ucf}] -fileset [get_property constrset [current_run]]
# open_rtl_design -part xc3s1000ft256-5
Using Verific elaboration
Parsing VHDL file "C:/Xilinx/14.7/ISE_DS/PlanAhead/data/parts/xilinx/rtl/lib/synplify/synattr.vhd" into library synplify
Parsing VHDL file "C:/Xilinx/14.7/ISE_DS/PlanAhead/data/parts/xilinx/rtl/lib/synplify/synattr.vhd" into library synplify
Parsing VHDL file "C:/Xilinx/projects 14.7/Trabalho01/TrabSchematic.vhf" into library work
INFO: [Designutils 20-910] Reading macro library C:/Xilinx/14.7/ISE_DS/PlanAhead/data\./parts/xilinx/spartan3/hd_int_macros.edn
Parsing EDIF File [C:/Xilinx/14.7/ISE_DS/PlanAhead/data\./parts/xilinx/spartan3/hd_int_macros.edn]
Finished Parsing EDIF File [C:/Xilinx/14.7/ISE_DS/PlanAhead/data\./parts/xilinx/spartan3/hd_int_macros.edn]
Loading clock regions from C:/Xilinx/14.7/ISE_DS/PlanAhead/data\parts/xilinx/spartan3/spartan3/xc3s1000/ClockRegion.xml
Loading clock buffers from C:/Xilinx/14.7/ISE_DS/PlanAhead/data\parts/xilinx/spartan3/spartan3/xc3s1000/ClockBuffers.xml
Loading package from C:/Xilinx/14.7/ISE_DS/PlanAhead/data\parts/xilinx/spartan3/spartan3/xc3s1000/ft256/Package.xml
Loading io standards from C:/Xilinx/14.7/ISE_DS/PlanAhead/data\./parts/xilinx/spartan3/IOStandards.xml
INFO: [Device 21-19] Loading pkg sso from C:/Xilinx/14.7/ISE_DS/PlanAhead/data\parts/xilinx/spartan3/spartan3/xc3s1000/ft256/SSORules.xml
Loading list of drcs for the architecture : C:/Xilinx/14.7/ISE_DS/PlanAhead/data\./parts/xilinx/spartan3/drc.xml
INFO: [Timing 38-77] Reading timing library C:/Xilinx/14.7/ISE_DS/PlanAhead/data\parts/xilinx/spartan3/spartan3/spartan3-5.lib.
INFO: [Timing 38-34] Done reading timing library C:/Xilinx/14.7/ISE_DS/PlanAhead/data\parts/xilinx/spartan3/spartan3/spartan3-5.lib.
Parsing UCF File [C:/Xilinx/projects 14.7/Trabalho01/TrabSchematic.ucf]
Finished Parsing UCF File [C:/Xilinx/projects 14.7/Trabalho01/TrabSchematic.ucf]
INFO: [Project 1-111] Unisim Transformation Summary:
No Unisim elements were transformed.

Phase 0 | Netlist Checksum: 0b67703f
update_compile_order -fileset sim_1
startgroup
set_property package_pin E14 [get_ports A]
endgroup
startgroup
set_property package_pin E14 [get_ports A]
endgroup
startgroup
set_property package_pin G13 [get_ports B]
endgroup
startgroup
set_property package_pin N15 [get_ports C]
endgroup
startgroup
set_property package_pin P15 [get_ports D]
endgroup
startgroup
set_property package_pin R16 [get_ports E]
endgroup
startgroup
set_property package_pin F13 [get_ports F]
endgroup
startgroup
set_property package_pin N16 [get_ports G]
endgroup
startgroup
set_property package_pin K12 [get_ports S0]
endgroup
startgroup
set_property package_pin P14 [get_ports S1]
endgroup
startgroup
set_property package_pin L12 [get_ports S2]
endgroup
startgroup
set_property package_pin N14 [get_ports S3]
endgroup
startgroup
set_property package_pin P13 [get_ports C0]
endgroup
startgroup
set_property package_pin N12 [get_ports C1]
endgroup
startgroup
set_property package_pin P12 [get_ports C2]
endgroup
startgroup
set_property package_pin P11 [get_ports C3]
endgroup
startgroup
set_property package_pin T9 [get_ports Clock]
endgroup
startgroup
set_property package_pin P11 [get_ports C3]
endgroup
save_constraints
exit
ERROR: [Common 17-39] 'stop_gui' failed due to earlier errors.
INFO: [Common 17-206] Exiting PlanAhead at Mon May 02 19:47:00 2022...
INFO: [Common 17-83] Releasing license: PlanAhead
